0 info it worked if it ends with ok
1 verbose cli [ 'C:\\Programy\\nodejs\\node.exe',
1 verbose cli   'C:\\Programy\\nodejs\\node_modules\\npm\\bin\\npm-cli.js',
1 verbose cli   'run',
1 verbose cli   'dev' ]
2 info using npm@3.10.10
3 info using node@v6.10.3
4 verbose run-script [ 'predev', 'dev', 'postdev' ]
5 info lifecycle Raytracer@1.0.0~predev: Raytracer@1.0.0
6 silly lifecycle Raytracer@1.0.0~predev: no script for predev, continuing
7 info lifecycle Raytracer@1.0.0~dev: Raytracer@1.0.0
8 verbose lifecycle Raytracer@1.0.0~dev: unsafe-perm in lifecycle true
9 verbose lifecycle Raytracer@1.0.0~dev: PATH: C:\Programy\nodejs\node_modules\npm\bin\node-gyp-bin;c:\Projekty\raytracer\node_modules\.bin;C:\Programy\ImageMagick-7.0.7-Q16;C:\ProgramData\Oracle\Java\javapath;C:\Windows\system32;C:\Windows;C:\Windows\System32\Wbem;C:\Windows\System32\WindowsPowerShell\v1.0\;C:\Program Files (x86)\NVIDIA Corporation\PhysX\Common;C:\Projekty\muj-bin;C:\Programy\Git\cmd;C:\Programy\nodejs\;C:\Program Files\Microsoft SQL Server\130\Tools\Binn\;C:\Program Files\dotnet\;C:\Program Files (x86)\Common Files\Adobe\AGL;C:\Programy\OpenVPN\bin;C:\Programy\TortoiseGit\bin;C:\Programy\Python27;;%SystemRoot%\system32;%SystemRoot%;%SystemRoot%\System32\Wbem;%SYSTEMROOT%\System32\WindowsPowerShell\v1.0\;C:\Users\LorD_OniX\AppData\Local\Microsoft\WindowsApps;C:\Users\LorD_OniX\AppData\Roaming\npm;C:\Users\LorD_OniX\AppData\Local\Microsoft\WindowsApps;
10 verbose lifecycle Raytracer@1.0.0~dev: CWD: c:\Projekty\raytracer
11 silly lifecycle Raytracer@1.0.0~dev: Args: [ '/d /s /c', 'node bundler.js dev' ]
12 silly lifecycle Raytracer@1.0.0~dev: Returned: code: 1  signal: null
13 info lifecycle Raytracer@1.0.0~dev: Failed to exec dev script
14 verbose stack Error: Raytracer@1.0.0 dev: `node bundler.js dev`
14 verbose stack Exit status 1
14 verbose stack     at EventEmitter.<anonymous> (C:\Programy\nodejs\node_modules\npm\lib\utils\lifecycle.js:255:16)
14 verbose stack     at emitTwo (events.js:106:13)
14 verbose stack     at EventEmitter.emit (events.js:191:7)
14 verbose stack     at ChildProcess.<anonymous> (C:\Programy\nodejs\node_modules\npm\lib\utils\spawn.js:40:14)
14 verbose stack     at emitTwo (events.js:106:13)
14 verbose stack     at ChildProcess.emit (events.js:191:7)
14 verbose stack     at maybeClose (internal/child_process.js:886:16)
14 verbose stack     at Process.ChildProcess._handle.onexit (internal/child_process.js:226:5)
15 verbose pkgid Raytracer@1.0.0
16 verbose cwd c:\Projekty\raytracer
17 error Windows_NT 10.0.16299
18 error argv "C:\\Programy\\nodejs\\node.exe" "C:\\Programy\\nodejs\\node_modules\\npm\\bin\\npm-cli.js" "run" "dev"
19 error node v6.10.3
20 error npm  v3.10.10
21 error code ELIFECYCLE
22 error Raytracer@1.0.0 dev: `node bundler.js dev`
22 error Exit status 1
23 error Failed at the Raytracer@1.0.0 dev script 'node bundler.js dev'.
23 error Make sure you have the latest version of node.js and npm installed.
23 error If you do, this is most likely a problem with the Raytracer package,
23 error not with npm itself.
23 error Tell the author that this fails on your system:
23 error     node bundler.js dev
23 error You can get information on how to open an issue for this project with:
23 error     npm bugs Raytracer
23 error Or if that isn't available, you can get their info via:
23 error     npm owner ls Raytracer
23 error There is likely additional logging output above.
24 verbose exit [ 1, true ]
